<?xml version="1.0" encoding="UTF-8"?>
<testsuite xmlns:xsi="http://www.w3.org/2001/XMLSchema-instance" xsi:noNamespaceSchemaLocation="https://maven.apache.org/surefire/maven-surefire-plugin/xsd/surefire-test-report.xsd" name="com.mycompany.chatapp.LoginTest" time="0.003" tests="8" errors="0" skipped="0" failures="0">
  <properties>
[...]
</properties>
  <testcase name="testValidPassword" classname="com.mycompany.chatapp.LoginTest" time="0"/>
  <testcase name="testInvalidCellNumber" classname="com.mycompany.chatapp.LoginTest" time="0"/>
  <testcase name="testInvalidUsername" classname="com.mycompany.chatapp.LoginTest" time="0"/>
  <testcase name="testLoginSuccess" classname="com.mycompany.chatapp.LoginTest" time="0"/>
  <testcase name="testLoginFail" classname="com.mycompany.chatapp.LoginTest" time="0"/>
  <testcase name="testInvalidPassword" classname="com.mycompany.chatapp.LoginTest" time="0"/>
  <testcase name="testValidCellNumber" classname="com.mycompany.chatapp.LoginTest" time="0"/>
  <testcase name="testValidUsername" classname="com.mycompany.chatapp.LoginTest" time="0.001"/>
</testsuite>